# JRE version: OpenJDK Runtime Environment (11.0.15) (build 11.0.15+0-b2043.56-9505619)
# Java VM: OpenJDK 64-Bit Server VM (11.0.15+0-b2043.56-9505619, mixed mode, tiered, compressed oops, g1 gc, windows-amd64)
Heap:
 garbage-first heap   total 194560K, used 131507K [0x00000000a0000000, 0x0000000100000000)
  region size 1024K, 83 young (84992K), 12 survivors (12288K)
 Metaspace       used 69773K, capacity 71618K, committed 71760K, reserved 1112064K
  class space    used 8734K, capacity 9459K, committed 9472K, reserved 1048576K
GC Heap History (20 events):
Event: 1.704 GC heap before
{Heap before GC invocations=1 (full 0):
 garbage-first heap   total 194560K, used 19290K [0x00000000a0000000, 0x0000000100000000)
  region size 1024K, 14 young (14336K), 2 survivors (2048K)
 Metaspace       used 9930K, capacity 10130K, committed 10368K, reserved 1058816K
  class space    used 1011K, capacity 1102K, committed 1152K, reserved 1048576K
}
Event: 1.708 GC heap after
{Heap after GC invocations=2 (full 0):
 garbage-first heap   total 194560K, used 9504K [0x00000000a0000000, 0x0000000100000000)
  region size 1024K, 2 young (2048K), 2 survivors (2048K)
 Metaspace       used 9930K, capacity 10130K, committed 10368K, reserved 1058816K
  class space    used 1011K, capacity 1102K, committed 1152K, reserved 1048576K
}
Event: 17.232 GC heap before
{Heap before GC invocations=2 (full 0):
 garbage-first heap   total 194560K, used 39200K [0x00000000a0000000, 0x0000000100000000)
  region size 1024K, 30 young (30720K), 2 survivors (2048K)
 Metaspace       used 10938K, capacity 11149K, committed 11264K, reserved 1058816K
  class space    used 1113K, capacity 1207K, committed 1280K, reserved 1048576K
}
Event: 17.236 GC heap after
{Heap after GC invocations=3 (full 0):
 garbage-first heap   total 194560K, used 13111K [0x00000000a0000000, 0x0000000100000000)
  region size 1024K, 4 young (4096K), 4 survivors (4096K)
 Metaspace       used 10938K, capacity 11149K, committed 11264K, reserved 1058816K
  class space    used 1113K, capacity 1207K, committed 1280K, reserved 1048576K
}
Event: 21.872 GC heap before
{Heap before GC invocations=3 (full 0):
 garbage-first heap   total 194560K, used 55095K [0x00000000a0000000, 0x0000000100000000)
  region size 1024K, 45 young (46080K), 4 survivors (4096K)
 Metaspace       used 17972K, capacity 18341K, committed 18432K, reserved 1064960K
  class space    used 2100K, capacity 2244K, committed 2304K, reserved 1048576K
}
Event: 21.880 GC heap after
{Heap after GC invocations=4 (full 0):
 garbage-first heap   total 194560K, used 16591K [0x00000000a0000000, 0x0000000100000000)
  region size 1024K, 6 young (6144K), 6 survivors (6144K)
 Metaspace       used 17972K, capacity 18341K, committed 18432K, reserved 1064960K
  class space    used 2100K, capacity 2244K, committed 2304K, reserved 1048576K
}
Event: 22.303 GC heap before
{Heap before GC invocations=4 (full 0):
 garbage-first heap   total 194560K, used 36047K [0x00000000a0000000, 0x0000000100000000)
  region size 1024K, 26 young (26624K), 6 survivors (6144K)
 Metaspace       used 20711K, capacity 21140K, committed 21296K, reserved 1069056K
  class space    used 2481K, capacity 2627K, committed 2688K, reserved 1048576K
}
Event: 22.310 GC heap after
{Heap after GC invocations=5 (full 0):
 garbage-first heap   total 194560K, used 17481K [0x00000000a0000000, 0x0000000100000000)
  region size 1024K, 5 young (5120K), 5 survivors (5120K)
 Metaspace       used 20711K, capacity 21140K, committed 21296K, reserved 1069056K
  class space    used 2481K, capacity 2627K, committed 2688K, reserved 1048576K
}
Event: 23.940 GC heap before
{Heap before GC invocations=6 (full 0):
 garbage-first heap   total 194560K, used 74825K [0x00000000a0000000, 0x0000000100000000)
  region size 1024K, 61 young (62464K), 5 survivors (5120K)
 Metaspace       used 26793K, capacity 27438K, committed 27696K, reserved 1073152K
  class space    used 3447K, capacity 3672K, committed 3712K, reserved 1048576K
}
Event: 23.950 GC heap after
{Heap after GC invocations=7 (full 0):
 garbage-first heap   total 194560K, used 19398K [0x00000000a0000000, 0x0000000100000000)
  region size 1024K, 7 young (7168K), 7 survivors (7168K)
 Metaspace       used 26793K, capacity 27438K, committed 27696K, reserved 1073152K
  class space    used 3447K, capacity 3672K, committed 3712K, reserved 1048576K
}
Event: 25.634 GC heap before
{Heap before GC invocations=7 (full 0):
 garbage-first heap   total 194560K, used 82886K [0x00000000a0000000, 0x0000000100000000)
  region size 1024K, 70 young (71680K), 7 survivors (7168K)
 Metaspace       used 35043K, capacity 35811K, committed 35920K, reserved 1081344K
  class space    used 4491K, capacity 4825K, committed 4864K, reserved 1048576K
}
Event: 25.650 GC heap after
{Heap after GC invocations=8 (full 0):
 garbage-first heap   total 194560K, used 22297K [0x00000000a0000000, 0x0000000100000000)
  region size 1024K, 9 young (9216K), 9 survivors (9216K)
 Metaspace       used 35043K, capacity 35811K, committed 35920K, reserved 1081344K
  class space    used 4491K, capacity 4825K, committed 4864K, reserved 1048576K
}
Event: 28.199 GC heap before
{Heap before GC invocations=9 (full 0):
 garbage-first heap   total 194560K, used 132889K [0x00000000a0000000, 0x0000000100000000)
  region size 1024K, 114 young (116736K), 9 survivors (9216K)
 Metaspace       used 44457K, capacity 45504K, committed 45776K, reserved 1089536K
  class space    used 5593K, capacity 5997K, committed 6016K, reserved 1048576K
}
Event: 28.230 GC heap after
{Heap after GC invocations=10 (full 0):
 garbage-first heap   total 194560K, used 30547K [0x00000000a0000000, 0x0000000100000000)
  region size 1024K, 14 young (14336K), 14 survivors (14336K)
 Metaspace       used 44457K, capacity 45504K, committed 45776K, reserved 1089536K
  class space    used 5593K, capacity 5997K, committed 6016K, reserved 1048576K
}
Event: 38.368 GC heap before
{Heap before GC invocations=10 (full 0):
 garbage-first heap   total 194560K, used 138067K [0x00000000a0000000, 0x0000000100000000)
  region size 1024K, 114 young (116736K), 14 survivors (14336K)
 Metaspace       used 49397K, capacity 50822K, committed 50896K, reserved 1093632K
  class space    used 6233K, capacity 6740K, committed 6784K, reserved 1048576K
}
Event: 38.389 GC heap after
{Heap after GC invocations=11 (full 0):
 garbage-first heap   total 194560K, used 43876K [0x00000000a0000000, 0x0000000100000000)
  region size 1024K, 15 young (15360K), 15 survivors (15360K)
 Metaspace       used 49397K, capacity 50822K, committed 50896K, reserved 1093632K
  class space    used 6233K, capacity 6740K, committed 6784K, reserved 1048576K
}
Event: 48.169 GC heap before
{Heap before GC invocations=11 (full 0):
 garbage-first heap   total 194560K, used 124772K [0x00000000a0000000, 0x0000000100000000)
  region size 1024K, 93 young (95232K), 15 survivors (15360K)
 Metaspace       used 58594K, capacity 60158K, committed 60240K, reserved 1101824K
  class space    used 7328K, capacity 7925K, committed 7936K, reserved 1048576K
}
Event: 48.200 GC heap after
{Heap after GC invocations=12 (full 0):
 garbage-first heap   total 194560K, used 51126K [0x00000000a0000000, 0x0000000100000000)
  region size 1024K, 13 young (13312K), 13 survivors (13312K)
 Metaspace       used 58594K, capacity 60158K, committed 60240K, reserved 1101824K
  class space    used 7328K, capacity 7925K, committed 7936K, reserved 1048576K
}
Event: 50.965 GC heap before
{Heap before GC invocations=13 (full 0):
 garbage-first heap   total 194560K, used 147382K [0x00000000a0000000, 0x0000000100000000)
  region size 1024K, 107 young (109568K), 13 survivors (13312K)
 Metaspace       used 67551K, capacity 69335K, committed 69456K, reserved 1110016K
  class space    used 8475K, capacity 9138K, committed 9216K, reserved 1048576K
}
Event: 50.988 GC heap after
{Heap after GC invocations=14 (full 0):
 garbage-first heap   total 194560K, used 57779K [0x00000000a0000000, 0x0000000100000000)
  region size 1024K, 12 young (12288K), 12 survivors (12288K)
 Metaspace       used 67551K, capacity 69335K, committed 69456K, reserved 1110016K
  class space    used 8475K, capacity 9138K, committed 9216K, reserved 1048576K
}

